[3.389s] Invoking command in '/home/walker/Depth_gz/src/px4-offboard': AMENT_PREFIX_PATH=/home/walker/Depth_gz/src/install/px4_msgs:${AMENT_PREFIX_PATH} CMAKE_PREFIX_PATH=/home/walker/Depth_gz/src/install/px4_msgs:${CMAKE_PREFIX_PATH} LD_LIBRARY_PATH=/home/walker/Depth_gz/src/install/px4_msgs/lib:${LD_LIBRARY_PATH} PYTHONPATH=/home/walker/Depth_gz/src/build/px4_offboard/prefix_override:/usr/lib/python3/dist-packages/colcon_core/task/python/colcon_distutils_commands:/home/walker/Depth_gz/src/install/px4_offboard/lib/python3.10/site-packages:/home/walker/Depth_gz/src/install/px4_msgs/local/lib/python3.10/dist-packages:${PYTHONPATH} /usr/bin/python3 -W ignore:setup.py install is deprecated -W ignore:easy_install command is deprecated setup.py egg_info --egg-base ../build/px4_offboard build --build-base /home/walker/Depth_gz/src/build/px4_offboard/build install --record /home/walker/Depth_gz/src/build/px4_offboard/install.log --single-version-externally-managed install_data
[3.646s] running egg_info
[3.646s] creating ../build/px4_offboard/px4_offboard.egg-info
[3.646s] writing ../build/px4_offboard/px4_offboard.egg-info/PKG-INFO
[3.647s] writing dependency_links to ../build/px4_offboard/px4_offboard.egg-info/dependency_links.txt
[3.647s] writing entry points to ../build/px4_offboard/px4_offboard.egg-info/entry_points.txt
[3.647s] writing requirements to ../build/px4_offboard/px4_offboard.egg-info/requires.txt
[3.647s] writing top-level names to ../build/px4_offboard/px4_offboard.egg-info/top_level.txt
[3.647s] writing manifest file '../build/px4_offboard/px4_offboard.egg-info/SOURCES.txt'
[3.648s] reading manifest file '../build/px4_offboard/px4_offboard.egg-info/SOURCES.txt'
[3.649s] adding license file 'LICENSE'
[3.649s] writing manifest file '../build/px4_offboard/px4_offboard.egg-info/SOURCES.txt'
[3.649s] running build
[3.649s] running build_py
[3.649s] creating /home/walker/Depth_gz/src/build/px4_offboard/build
[3.649s] creating /home/walker/Depth_gz/src/build/px4_offboard/build/lib
[3.649s] creating /home/walker/Depth_gz/src/build/px4_offboard/build/lib/px4_offboard
[3.649s] copying px4_offboard/visualizer.py -> /home/walker/Depth_gz/src/build/px4_offboard/build/lib/px4_offboard
[3.650s] copying px4_offboard/__init__.py -> /home/walker/Depth_gz/src/build/px4_offboard/build/lib/px4_offboard
[3.650s] copying px4_offboard/offboard_control.py -> /home/walker/Depth_gz/src/build/px4_offboard/build/lib/px4_offboard
[3.650s] running install
[3.650s] running install_lib
[3.651s] creating /home/walker/Depth_gz/src/install/px4_offboard/lib/python3.10/site-packages/px4_offboard
[3.651s] copying /home/walker/Depth_gz/src/build/px4_offboard/build/lib/px4_offboard/visualizer.py -> /home/walker/Depth_gz/src/install/px4_offboard/lib/python3.10/site-packages/px4_offboard
[3.651s] copying /home/walker/Depth_gz/src/build/px4_offboard/build/lib/px4_offboard/__init__.py -> /home/walker/Depth_gz/src/install/px4_offboard/lib/python3.10/site-packages/px4_offboard
[3.651s] copying /home/walker/Depth_gz/src/build/px4_offboard/build/lib/px4_offboard/offboard_control.py -> /home/walker/Depth_gz/src/install/px4_offboard/lib/python3.10/site-packages/px4_offboard
[3.652s] byte-compiling /home/walker/Depth_gz/src/install/px4_offboard/lib/python3.10/site-packages/px4_offboard/visualizer.py to visualizer.cpython-310.pyc
[3.653s] byte-compiling /home/walker/Depth_gz/src/install/px4_offboard/lib/python3.10/site-packages/px4_offboard/__init__.py to __init__.cpython-310.pyc
[3.653s] byte-compiling /home/walker/Depth_gz/src/install/px4_offboard/lib/python3.10/site-packages/px4_offboard/offboard_control.py to offboard_control.cpython-310.pyc
[3.654s] running install_data
[3.654s] creating /home/walker/Depth_gz/src/install/px4_offboard/share/ament_index
[3.654s] creating /home/walker/Depth_gz/src/install/px4_offboard/share/ament_index/resource_index
[3.654s] creating /home/walker/Depth_gz/src/install/px4_offboard/share/ament_index/resource_index/packages
[3.654s] copying resource/px4_offboard -> /home/walker/Depth_gz/src/install/px4_offboard/share/ament_index/resource_index/packages
[3.654s] copying resource/visualize.rviz -> /home/walker/Depth_gz/src/install/px4_offboard/share/ament_index/resource_index/packages
[3.654s] copying package.xml -> /home/walker/Depth_gz/src/install/px4_offboard/share/px4_offboard
[3.655s] copying launch/visualize.launch.py -> /home/walker/Depth_gz/src/install/px4_offboard/share/px4_offboard
[3.655s] copying launch/offboard_position_control.launch.py -> /home/walker/Depth_gz/src/install/px4_offboard/share/px4_offboard
[3.655s] copying launch/offboard_hardware_position_control.launch.py -> /home/walker/Depth_gz/src/install/px4_offboard/share/px4_offboard
[3.655s] copying resource/visualize.rviz -> /home/walker/Depth_gz/src/install/px4_offboard/share/px4_offboard
[3.655s] running install_egg_info
[3.656s] Copying ../build/px4_offboard/px4_offboard.egg-info to /home/walker/Depth_gz/src/install/px4_offboard/lib/python3.10/site-packages/px4_offboard-0.0.0-py3.10.egg-info
[3.657s] running install_scripts
[3.678s] Installing offboard_control script to /home/walker/Depth_gz/src/install/px4_offboard/lib/px4_offboard
[3.678s] Installing visualizer script to /home/walker/Depth_gz/src/install/px4_offboard/lib/px4_offboard
[3.678s] writing list of installed files to '/home/walker/Depth_gz/src/build/px4_offboard/install.log'
[3.717s] Invoked command in '/home/walker/Depth_gz/src/px4-offboard' returned '0': AMENT_PREFIX_PATH=/home/walker/Depth_gz/src/install/px4_msgs:${AMENT_PREFIX_PATH} CMAKE_PREFIX_PATH=/home/walker/Depth_gz/src/install/px4_msgs:${CMAKE_PREFIX_PATH} LD_LIBRARY_PATH=/home/walker/Depth_gz/src/install/px4_msgs/lib:${LD_LIBRARY_PATH} PYTHONPATH=/home/walker/Depth_gz/src/build/px4_offboard/prefix_override:/usr/lib/python3/dist-packages/colcon_core/task/python/colcon_distutils_commands:/home/walker/Depth_gz/src/install/px4_offboard/lib/python3.10/site-packages:/home/walker/Depth_gz/src/install/px4_msgs/local/lib/python3.10/dist-packages:${PYTHONPATH} /usr/bin/python3 -W ignore:setup.py install is deprecated -W ignore:easy_install command is deprecated setup.py egg_info --egg-base ../build/px4_offboard build --build-base /home/walker/Depth_gz/src/build/px4_offboard/build install --record /home/walker/Depth_gz/src/build/px4_offboard/install.log --single-version-externally-managed install_data
